{
  "RSpec": {
    "coverage": {
      "/home/cris/Downloads/Personal/Repositories/ecommerce_rr_app/app/controllers/application_controller.rb": {
        "lines": [
          null,
          null,
          1,
          null
        ]
      },
      "/home/cris/Downloads/Personal/Repositories/ecommerce_rr_app/app/models/admin_user.rb": {
        "lines": [
          null,
          null,
          null,
          1,
          null,
          null,
          1,
          null,
          null,
          1,
          15,
          null,
          null,
          null
        ]
      },
      "/home/cris/Downloads/Personal/Repositories/ecommerce_rr_app/app/models/application_record.rb": {
        "lines": [
          null,
          null,
          null,
          1,
          1,
          null
        ]
      },
      "/home/cris/Downloads/Personal/Repositories/ecommerce_rr_app/app/admin/admin_users.rb": {
        "lines": [
          null,
          null,
          1,
          1,
          null,
          1,
          1,
          1,
          1,
          1,
          1,
          1,
          1,
          null,
          null,
          1,
          1,
          1,
          1,
          null,
          1,
          1,
          1,
          1,
          1,
          null,
          1,
          null,
          null
        ]
      },
      "/home/cris/Downloads/Personal/Repositories/ecommerce_rr_app/app/admin/dashboard.rb": {
        "lines": [
          null,
          null,
          1,
          17,
          null,
          3,
          1,
          1,
          1,
          1,
          null,
          null,
          null,
          null
        ]
      },
      "/home/cris/Downloads/Personal/Repositories/ecommerce_rr_app/app/admin/orders.rb": {
        "lines": [
          null,
          null,
          1,
          1,
          null,
          null,
          1,
          1,
          1,
          1,
          1,
          1,
          1,
          1,
          1,
          1,
          1,
          null,
          null,
          null,
          1,
          null,
          null,
          1,
          2,
          2,
          2,
          2,
          2,
          2,
          2,
          null,
          null,
          2,
          2,
          2,
          2,
          2,
          null,
          null,
          2,
          2,
          null,
          null,
          null,
          null,
          1,
          1,
          1,
          1,
          1,
          1,
          null,
          null,
          1,
          2,
          1,
          1,
          null,
          null,
          1,
          null,
          null,
          1,
          null,
          1,
          1,
          1,
          1,
          1,
          1,
          null,
          1,
          0,
          0,
          0,
          0,
          0,
          0,
          0,
          0,
          null,
          null
        ]
      },
      "/home/cris/Downloads/Personal/Repositories/ecommerce_rr_app/app/models/order.rb": {
        "lines": [
          null,
          null,
          null,
          1,
          1,
          1,
          null,
          1,
          null,
          1,
          1,
          null,
          1,
          47,
          null,
          null,
          1,
          1,
          null,
          null,
          1,
          3,
          null,
          null
        ]
      },
      "/home/cris/Downloads/Personal/Repositories/ecommerce_rr_app/app/admin/products.rb": {
        "lines": [
          null,
          null,
          1,
          1,
          null,
          1,
          3,
          3,
          3,
          3,
          3,
          3,
          3,
          5,
          null,
          3,
          null,
          null,
          1,
          2,
          2,
          2,
          2,
          2,
          2,
          2,
          null,
          null,
          null,
          null,
          1,
          1,
          1,
          1,
          1,
          1,
          1,
          null,
          1,
          null,
          null,
          1,
          1,
          1,
          1,
          null,
          1,
          3,
          null,
          null,
          1,
          0,
          null,
          0,
          0,
          0,
          null,
          0,
          null,
          null,
          null,
          1,
          3,
          null,
          null,
          1,
          2,
          null,
          null,
          1,
          2,
          2,
          null,
          2,
          1,
          null,
          1,
          1,
          null,
          0,
          null,
          null,
          1,
          null,
          null,
          null
        ]
      },
      "/home/cris/Downloads/Personal/Repositories/ecommerce_rr_app/app/models/product.rb": {
        "lines": [
          null,
          null,
          null,
          1,
          1,
          1,
          null,
          1,
          null,
          1,
          109,
          null,
          null
        ]
      },
      "/home/cris/Downloads/Personal/Repositories/ecommerce_rr_app/app/interactors/api_importer/fetch_from_api.rb": {
        "lines": [
          null,
          null,
          1,
          null,
          1,
          1,
          null,
          1,
          2,
          null,
          2,
          1,
          null,
          1,
          null,
          null,
          null,
          null
        ]
      },
      "/home/cris/Downloads/Personal/Repositories/ecommerce_rr_app/app/interactors/csv_importer/find_or_initialize_product.rb": {
        "lines": [
          null,
          null,
          1,
          null,
          1,
          1,
          null,
          1,
          3,
          5,
          4,
          4,
          null,
          null,
          1,
          null,
          null,
          null
        ]
      },
      "/home/cris/Downloads/Personal/Repositories/ecommerce_rr_app/app/interactors/csv_importer/initialize_spreadsheet.rb": {
        "lines": [
          null,
          null,
          1,
          null,
          1,
          null,
          1,
          1,
          null,
          1,
          4,
          4,
          3,
          null,
          1,
          null,
          null,
          null
        ]
      },
      "/home/cris/Downloads/Personal/Repositories/ecommerce_rr_app/app/interactors/csv_importer/process_rows.rb": {
        "lines": [
          null,
          null,
          1,
          null,
          1,
          1,
          null,
          1,
          3,
          null,
          1,
          null,
          null,
          1,
          null,
          1,
          3,
          7,
          null,
          null,
          1,
          3,
          null,
          null,
          1,
          3,
          4,
          null,
          null,
          null,
          1,
          4,
          null,
          null,
          null
        ]
      },
      "/home/cris/Downloads/Personal/Repositories/ecommerce_rr_app/app/interactors/csv_importer/update_product.rb": {
        "lines": [
          null,
          null,
          1,
          null,
          1,
          1,
          null,
          1,
          3,
          null,
          1,
          null,
          null,
          null
        ]
      },
      "/home/cris/Downloads/Personal/Repositories/ecommerce_rr_app/app/models/order_item.rb": {
        "lines": [
          null,
          null,
          null,
          1,
          1,
          1,
          null,
          1,
          1,
          null,
          1,
          1,
          null,
          null,
          1,
          1,
          null,
          null,
          1,
          1,
          null,
          null
        ]
      },
      "/home/cris/Downloads/Personal/Repositories/ecommerce_rr_app/app/workers/product_import_worker.rb": {
        "lines": [
          null,
          null,
          null,
          1,
          1,
          null,
          1,
          2,
          null,
          2,
          1,
          null,
          1,
          null,
          null,
          null
        ]
      },
      "/home/cris/Downloads/Personal/Repositories/ecommerce_rr_app/app/services/product_import_strategy.rb": {
        "lines": [
          null,
          null,
          null,
          1,
          null,
          1,
          null,
          null,
          null,
          1,
          1,
          1,
          null,
          null,
          1,
          1,
          1,
          1,
          null,
          0,
          null,
          null,
          null
        ]
      },
      "/home/cris/Downloads/Personal/Repositories/ecommerce_rr_app/app/organizers/api_importer/fetch_products.rb": {
        "lines": [
          null,
          null,
          1,
          null,
          1,
          1,
          null,
          1,
          null,
          null
        ]
      },
      "/home/cris/Downloads/Personal/Repositories/ecommerce_rr_app/app/interactors/api_importer/parse_response.rb": {
        "lines": [
          null,
          null,
          1,
          null,
          1,
          1,
          null,
          1,
          0,
          null,
          0,
          null,
          null,
          null
        ]
      },
      "/home/cris/Downloads/Personal/Repositories/ecommerce_rr_app/app/interactors/api_importer/save_products.rb": {
        "lines": [
          null,
          null,
          1,
          null,
          1,
          1,
          null,
          1,
          0,
          0,
          null,
          null,
          0,
          null,
          null,
          1,
          null,
          1,
          0,
          0,
          null,
          null,
          1,
          0,
          null,
          null,
          1,
          0,
          null,
          null,
          null,
          null,
          null,
          null,
          null,
          null
        ]
      },
      "/home/cris/Downloads/Personal/Repositories/ecommerce_rr_app/app/organizers/csv_importer/fetch_products.rb": {
        "lines": [
          null,
          null,
          1,
          null,
          1,
          1,
          null,
          1,
          null,
          null,
          null
        ]
      },
      "/home/cris/Downloads/Personal/Repositories/ecommerce_rr_app/app/controllers/api/v1/orders_controller.rb": {
        "lines": [
          null,
          null,
          1,
          1,
          null,
          1,
          1,
          null,
          1,
          6,
          null,
          6,
          3,
          null,
          3,
          null,
          null,
          null,
          1,
          null,
          1,
          6,
          null,
          null,
          null,
          null,
          null
        ]
      },
      "/home/cris/Downloads/Personal/Repositories/ecommerce_rr_app/app/controllers/api/v1/products_controller.rb": {
        "lines": [
          null,
          null,
          1,
          1,
          null,
          1,
          1,
          1,
          1,
          null,
          null,
          1,
          2,
          null,
          2,
          1,
          null,
          1,
          null,
          null,
          null,
          null,
          null
        ]
      }
    },
    "timestamp": 1722910435
  }
}
